CRITICAL - 2025-03-21 07:50:40 --> ErrorException: Attempt to read property "PLANO" on string
in APPPATH\Views\classificados.php on line 44.
 1 APPPATH\Views\classificados.php(44): CodeIgniter\Debug\Exceptions->errorHandler(2, 'Attempt to read property "PLANO" on string', 'D:\\Dev\\Git\\allenati-sbnoticias\\app\\Views\\classificados.php', 44)
 2 SYSTEMPATH\View\View.php(228): include('D:\\Dev\\Git\\allenati-sbnoticias\\app\\Views\\classificados.php')
 3 SYSTEMPATH\View\View.php(231): CodeIgniter\View\View->CodeIgniter\View\{closure}()
 4 SYSTEMPATH\Common.php(1178): CodeIgniter\View\View->render('classificados', [], true)
 5 APPPATH\Controllers\Classificados.php(36): view('classificados', [...])
 6 SYSTEMPATH\CodeIgniter.php(943): App\Controllers\Classificados->index()
 7 SYSTEMPATH\CodeIgniter.php(503): CodeIgniter\CodeIgniter->runController(Object(App\Controllers\Classificados))
 8 SYSTEMPATH\CodeIgniter.php(361): CodeIgniter\CodeIgniter->handleRequest(null, Object(Config\Cache), false)
 9 FCPATH\index.php(79): CodeIgniter\CodeIgniter->run()
CRITICAL - 2025-03-21 08:08:07 --> ErrorException: Undefined variable $ticker
in APPPATH\Views\classificados.php on line 50.
 1 APPPATH\Views\classificados.php(50): CodeIgniter\Debug\Exceptions->errorHandler(2, 'Undefined variable $ticker', 'D:\\Dev\\Git\\allenati-sbnoticias\\app\\Views\\classificados.php', 50)
 2 SYSTEMPATH\View\View.php(228): include('D:\\Dev\\Git\\allenati-sbnoticias\\app\\Views\\classificados.php')
 3 SYSTEMPATH\View\View.php(231): CodeIgniter\View\View->CodeIgniter\View\{closure}()
 4 SYSTEMPATH\Common.php(1178): CodeIgniter\View\View->render('classificados', [], true)
 5 APPPATH\Controllers\Classificados.php(36): view('classificados', [...])
 6 SYSTEMPATH\CodeIgniter.php(943): App\Controllers\Classificados->index()
 7 SYSTEMPATH\CodeIgniter.php(503): CodeIgniter\CodeIgniter->runController(Object(App\Controllers\Classificados))
 8 SYSTEMPATH\CodeIgniter.php(361): CodeIgniter\CodeIgniter->handleRequest(null, Object(Config\Cache), false)
 9 FCPATH\index.php(79): CodeIgniter\CodeIgniter->run()
CRITICAL - 2025-03-21 08:08:28 --> ErrorException: Undefined variable $urlComplemento
in APPPATH\Views\classificados.php on line 57.
 1 APPPATH\Views\classificados.php(57): CodeIgniter\Debug\Exceptions->errorHandler(2, 'Undefined variable $urlComplemento', 'D:\\Dev\\Git\\allenati-sbnoticias\\app\\Views\\classificados.php', 57)
 2 SYSTEMPATH\View\View.php(228): include('D:\\Dev\\Git\\allenati-sbnoticias\\app\\Views\\classificados.php')
 3 SYSTEMPATH\View\View.php(231): CodeIgniter\View\View->CodeIgniter\View\{closure}()
 4 SYSTEMPATH\Common.php(1178): CodeIgniter\View\View->render('classificados', [], true)
 5 APPPATH\Controllers\Classificados.php(36): view('classificados', [...])
 6 SYSTEMPATH\CodeIgniter.php(943): App\Controllers\Classificados->index()
 7 SYSTEMPATH\CodeIgniter.php(503): CodeIgniter\CodeIgniter->runController(Object(App\Controllers\Classificados))
 8 SYSTEMPATH\CodeIgniter.php(361): CodeIgniter\CodeIgniter->handleRequest(null, Object(Config\Cache), false)
 9 FCPATH\index.php(79): CodeIgniter\CodeIgniter->run()
CRITICAL - 2025-03-21 08:16:33 --> ErrorException: Undefined variable $values
in APPPATH\Views\classificados.php on line 28.
 1 APPPATH\Views\classificados.php(28): CodeIgniter\Debug\Exceptions->errorHandler(2, 'Undefined variable $values', 'D:\\Dev\\Git\\allenati-sbnoticias\\app\\Views\\classificados.php', 28)
 2 SYSTEMPATH\View\View.php(228): include('D:\\Dev\\Git\\allenati-sbnoticias\\app\\Views\\classificados.php')
 3 SYSTEMPATH\View\View.php(231): CodeIgniter\View\View->CodeIgniter\View\{closure}()
 4 SYSTEMPATH\Common.php(1178): CodeIgniter\View\View->render('classificados', [], true)
 5 APPPATH\Controllers\Classificados.php(46): view('classificados', [...])
 6 SYSTEMPATH\CodeIgniter.php(943): App\Controllers\Classificados->index()
 7 SYSTEMPATH\CodeIgniter.php(503): CodeIgniter\CodeIgniter->runController(Object(App\Controllers\Classificados))
 8 SYSTEMPATH\CodeIgniter.php(361): CodeIgniter\CodeIgniter->handleRequest(null, Object(Config\Cache), false)
 9 FCPATH\index.php(79): CodeIgniter\CodeIgniter->run()
CRITICAL - 2025-03-21 08:16:59 --> ErrorException: Undefined property: stdClass::$CATEGORIA
in APPPATH\Views\classificados.php on line 28.
 1 APPPATH\Views\classificados.php(28): CodeIgniter\Debug\Exceptions->errorHandler(2, 'Undefined property: stdClass::$CATEGORIA', 'D:\\Dev\\Git\\allenati-sbnoticias\\app\\Views\\classificados.php', 28)
 2 SYSTEMPATH\View\View.php(228): include('D:\\Dev\\Git\\allenati-sbnoticias\\app\\Views\\classificados.php')
 3 SYSTEMPATH\View\View.php(231): CodeIgniter\View\View->CodeIgniter\View\{closure}()
 4 SYSTEMPATH\Common.php(1178): CodeIgniter\View\View->render('classificados', [], true)
 5 APPPATH\Controllers\Classificados.php(46): view('classificados', [...])
 6 SYSTEMPATH\CodeIgniter.php(943): App\Controllers\Classificados->index()
 7 SYSTEMPATH\CodeIgniter.php(503): CodeIgniter\CodeIgniter->runController(Object(App\Controllers\Classificados))
 8 SYSTEMPATH\CodeIgniter.php(361): CodeIgniter\CodeIgniter->handleRequest(null, Object(Config\Cache), false)
 9 FCPATH\index.php(79): CodeIgniter\CodeIgniter->run()
ERROR - 2025-03-21 08:31:31 --> mysqli_sql_exception: You have an error in your SQL syntax; check the manual that corresponds to your MySQL server version for the right syntax to use near 'ID = Sapataria' at line 5 in D:\Dev\Git\allenati-sbnoticias\system\Database\MySQLi\Connection.php:306
Stack trace:
#0 D:\Dev\Git\allenati-sbnoticias\system\Database\MySQLi\Connection.php(306): mysqli->query('\n        SELECT...', 0)
#1 D:\Dev\Git\allenati-sbnoticias\system\Database\BaseConnection.php(693): CodeIgniter\Database\MySQLi\Connection->execute('\n        SELECT...')
#2 D:\Dev\Git\allenati-sbnoticias\system\Database\BaseConnection.php(607): CodeIgniter\Database\BaseConnection->simpleQuery('\n        SELECT...')
#3 D:\Dev\Git\allenati-sbnoticias\app\Controllers\Classificados.php(55): CodeIgniter\Database\BaseConnection->query('\n        SELECT...')
#4 D:\Dev\Git\allenati-sbnoticias\system\CodeIgniter.php(943): App\Controllers\Classificados->ver('Sapataria')
#5 D:\Dev\Git\allenati-sbnoticias\system\CodeIgniter.php(503): CodeIgniter\CodeIgniter->runController(Object(App\Controllers\Classificados))
#6 D:\Dev\Git\allenati-sbnoticias\system\CodeIgniter.php(361): CodeIgniter\CodeIgniter->handleRequest(NULL, Object(Config\Cache), false)
#7 D:\Dev\Git\allenati-sbnoticias\index.php(79): CodeIgniter\CodeIgniter->run()
#8 {main}
CRITICAL - 2025-03-21 08:31:31 --> CodeIgniter\Database\Exceptions\DatabaseException: You have an error in your SQL syntax; check the manual that corresponds to your MySQL server version for the right syntax to use near 'ID = Sapataria' at line 5
in SYSTEMPATH\Database\BaseConnection.php on line 647.
 1 APPPATH\Controllers\Classificados.php(55): CodeIgniter\Database\BaseConnection->query('
        SELECT a.ID, a.TITULO, a.NOME, a.DESCRICAO, a.PLANO, a.EMAIL, a.TELEFONES, a.ARQUIVO, a.WHATSAPP, a.FACEBOOK, a.INSTAGRAM, a.CATEGORIA_ID, b.TITULO AS CATEGORIA
          FROM CLASSIFICADOS a
          JOIN categorias b ON b.id = a.CATEGORIA_ID AND b.ativo = 1
         WHERE a.DISPONIVEL = 1 
         ID = Sapataria
        ')
 2 SYSTEMPATH\CodeIgniter.php(943): App\Controllers\Classificados->ver('Sapataria')
 3 SYSTEMPATH\CodeIgniter.php(503): CodeIgniter\CodeIgniter->runController(Object(App\Controllers\Classificados))
 4 SYSTEMPATH\CodeIgniter.php(361): CodeIgniter\CodeIgniter->handleRequest(null, Object(Config\Cache), false)
 5 FCPATH\index.php(79): CodeIgniter\CodeIgniter->run()
CRITICAL - 2025-03-21 08:31:31 --> [Caused by] CodeIgniter\Database\Exceptions\DatabaseException: You have an error in your SQL syntax; check the manual that corresponds to your MySQL server version for the right syntax to use near 'ID = Sapataria' at line 5
in SYSTEMPATH\Database\MySQLi\Connection.php on line 311.
 1 SYSTEMPATH\Database\BaseConnection.php(693): CodeIgniter\Database\MySQLi\Connection->execute('
        SELECT a.ID, a.TITULO, a.NOME, a.DESCRICAO, a.PLANO, a.EMAIL, a.TELEFONES, a.ARQUIVO, a.WHATSAPP, a.FACEBOOK, a.INSTAGRAM, a.CATEGORIA_ID, b.TITULO AS CATEGORIA
          FROM CLASSIFICADOS a
          JOIN categorias b ON b.id = a.CATEGORIA_ID AND b.ativo = 1
         WHERE a.DISPONIVEL = 1 
         ID = Sapataria
        ')
 2 SYSTEMPATH\Database\BaseConnection.php(607): CodeIgniter\Database\BaseConnection->simpleQuery('
        SELECT a.ID, a.TITULO, a.NOME, a.DESCRICAO, a.PLANO, a.EMAIL, a.TELEFONES, a.ARQUIVO, a.WHATSAPP, a.FACEBOOK, a.INSTAGRAM, a.CATEGORIA_ID, b.TITULO AS CATEGORIA
          FROM CLASSIFICADOS a
          JOIN categorias b ON b.id = a.CATEGORIA_ID AND b.ativo = 1
         WHERE a.DISPONIVEL = 1 
         ID = Sapataria
        ')
 3 APPPATH\Controllers\Classificados.php(55): CodeIgniter\Database\BaseConnection->query('
        SELECT a.ID, a.TITULO, a.NOME, a.DESCRICAO, a.PLANO, a.EMAIL, a.TELEFONES, a.ARQUIVO, a.WHATSAPP, a.FACEBOOK, a.INSTAGRAM, a.CATEGORIA_ID, b.TITULO AS CATEGORIA
          FROM CLASSIFICADOS a
          JOIN categorias b ON b.id = a.CATEGORIA_ID AND b.ativo = 1
         WHERE a.DISPONIVEL = 1 
         ID = Sapataria
        ')
 4 SYSTEMPATH\CodeIgniter.php(943): App\Controllers\Classificados->ver('Sapataria')
 5 SYSTEMPATH\CodeIgniter.php(503): CodeIgniter\CodeIgniter->runController(Object(App\Controllers\Classificados))
 6 SYSTEMPATH\CodeIgniter.php(361): CodeIgniter\CodeIgniter->handleRequest(null, Object(Config\Cache), false)
 7 FCPATH\index.php(79): CodeIgniter\CodeIgniter->run()
CRITICAL - 2025-03-21 08:31:31 --> [Caused by] mysqli_sql_exception: You have an error in your SQL syntax; check the manual that corresponds to your MySQL server version for the right syntax to use near 'ID = Sapataria' at line 5
in SYSTEMPATH\Database\MySQLi\Connection.php on line 306.
 1 SYSTEMPATH\Database\MySQLi\Connection.php(306): mysqli->query('
        SELECT a.ID, a.TITULO, a.NOME, a.DESCRICAO, a.PLANO, a.EMAIL, a.TELEFONES, a.ARQUIVO, a.WHATSAPP, a.FACEBOOK, a.INSTAGRAM, a.CATEGORIA_ID, b.TITULO AS CATEGORIA
          FROM CLASSIFICADOS a
          JOIN categorias b ON b.id = a.CATEGORIA_ID AND b.ativo = 1
         WHERE a.DISPONIVEL = 1 
         ID = Sapataria
        ', 0)
 2 SYSTEMPATH\Database\BaseConnection.php(693): CodeIgniter\Database\MySQLi\Connection->execute('
        SELECT a.ID, a.TITULO, a.NOME, a.DESCRICAO, a.PLANO, a.EMAIL, a.TELEFONES, a.ARQUIVO, a.WHATSAPP, a.FACEBOOK, a.INSTAGRAM, a.CATEGORIA_ID, b.TITULO AS CATEGORIA
          FROM CLASSIFICADOS a
          JOIN categorias b ON b.id = a.CATEGORIA_ID AND b.ativo = 1
         WHERE a.DISPONIVEL = 1 
         ID = Sapataria
        ')
 3 SYSTEMPATH\Database\BaseConnection.php(607): CodeIgniter\Database\BaseConnection->simpleQuery('
        SELECT a.ID, a.TITULO, a.NOME, a.DESCRICAO, a.PLANO, a.EMAIL, a.TELEFONES, a.ARQUIVO, a.WHATSAPP, a.FACEBOOK, a.INSTAGRAM, a.CATEGORIA_ID, b.TITULO AS CATEGORIA
          FROM CLASSIFICADOS a
          JOIN categorias b ON b.id = a.CATEGORIA_ID AND b.ativo = 1
         WHERE a.DISPONIVEL = 1 
         ID = Sapataria
        ')
 4 APPPATH\Controllers\Classificados.php(55): CodeIgniter\Database\BaseConnection->query('
        SELECT a.ID, a.TITULO, a.NOME, a.DESCRICAO, a.PLANO, a.EMAIL, a.TELEFONES, a.ARQUIVO, a.WHATSAPP, a.FACEBOOK, a.INSTAGRAM, a.CATEGORIA_ID, b.TITULO AS CATEGORIA
          FROM CLASSIFICADOS a
          JOIN categorias b ON b.id = a.CATEGORIA_ID AND b.ativo = 1
         WHERE a.DISPONIVEL = 1 
         ID = Sapataria
        ')
 5 SYSTEMPATH\CodeIgniter.php(943): App\Controllers\Classificados->ver('Sapataria')
 6 SYSTEMPATH\CodeIgniter.php(503): CodeIgniter\CodeIgniter->runController(Object(App\Controllers\Classificados))
 7 SYSTEMPATH\CodeIgniter.php(361): CodeIgniter\CodeIgniter->handleRequest(null, Object(Config\Cache), false)
 8 FCPATH\index.php(79): CodeIgniter\CodeIgniter->run()
ERROR - 2025-03-21 08:33:13 --> mysqli_sql_exception: You have an error in your SQL syntax; check the manual that corresponds to your MySQL server version for the right syntax to use near 'ID = 10' at line 5 in D:\Dev\Git\allenati-sbnoticias\system\Database\MySQLi\Connection.php:306
Stack trace:
#0 D:\Dev\Git\allenati-sbnoticias\system\Database\MySQLi\Connection.php(306): mysqli->query('\n        SELECT...', 0)
#1 D:\Dev\Git\allenati-sbnoticias\system\Database\BaseConnection.php(693): CodeIgniter\Database\MySQLi\Connection->execute('\n        SELECT...')
#2 D:\Dev\Git\allenati-sbnoticias\system\Database\BaseConnection.php(607): CodeIgniter\Database\BaseConnection->simpleQuery('\n        SELECT...')
#3 D:\Dev\Git\allenati-sbnoticias\app\Controllers\Classificados.php(55): CodeIgniter\Database\BaseConnection->query('\n        SELECT...')
#4 D:\Dev\Git\allenati-sbnoticias\system\CodeIgniter.php(943): App\Controllers\Classificados->ver('10')
#5 D:\Dev\Git\allenati-sbnoticias\system\CodeIgniter.php(503): CodeIgniter\CodeIgniter->runController(Object(App\Controllers\Classificados))
#6 D:\Dev\Git\allenati-sbnoticias\system\CodeIgniter.php(361): CodeIgniter\CodeIgniter->handleRequest(NULL, Object(Config\Cache), false)
#7 D:\Dev\Git\allenati-sbnoticias\index.php(79): CodeIgniter\CodeIgniter->run()
#8 {main}
CRITICAL - 2025-03-21 08:33:13 --> CodeIgniter\Database\Exceptions\DatabaseException: You have an error in your SQL syntax; check the manual that corresponds to your MySQL server version for the right syntax to use near 'ID = 10' at line 5
in SYSTEMPATH\Database\BaseConnection.php on line 647.
 1 APPPATH\Controllers\Classificados.php(55): CodeIgniter\Database\BaseConnection->query('
        SELECT a.ID, a.TITULO, a.NOME, a.DESCRICAO, a.PLANO, a.EMAIL, a.TELEFONES, a.ARQUIVO, a.WHATSAPP, a.FACEBOOK, a.INSTAGRAM, a.CATEGORIA_ID, b.TITULO AS CATEGORIA
          FROM CLASSIFICADOS a
          JOIN categorias b ON b.id = a.CATEGORIA_ID AND b.ativo = 1
         WHERE a.DISPONIVEL = 1 
         ID = 10
        ')
 2 SYSTEMPATH\CodeIgniter.php(943): App\Controllers\Classificados->ver('10')
 3 SYSTEMPATH\CodeIgniter.php(503): CodeIgniter\CodeIgniter->runController(Object(App\Controllers\Classificados))
 4 SYSTEMPATH\CodeIgniter.php(361): CodeIgniter\CodeIgniter->handleRequest(null, Object(Config\Cache), false)
 5 FCPATH\index.php(79): CodeIgniter\CodeIgniter->run()
CRITICAL - 2025-03-21 08:33:13 --> [Caused by] CodeIgniter\Database\Exceptions\DatabaseException: You have an error in your SQL syntax; check the manual that corresponds to your MySQL server version for the right syntax to use near 'ID = 10' at line 5
in SYSTEMPATH\Database\MySQLi\Connection.php on line 311.
 1 SYSTEMPATH\Database\BaseConnection.php(693): CodeIgniter\Database\MySQLi\Connection->execute('
        SELECT a.ID, a.TITULO, a.NOME, a.DESCRICAO, a.PLANO, a.EMAIL, a.TELEFONES, a.ARQUIVO, a.WHATSAPP, a.FACEBOOK, a.INSTAGRAM, a.CATEGORIA_ID, b.TITULO AS CATEGORIA
          FROM CLASSIFICADOS a
          JOIN categorias b ON b.id = a.CATEGORIA_ID AND b.ativo = 1
         WHERE a.DISPONIVEL = 1 
         ID = 10
        ')
 2 SYSTEMPATH\Database\BaseConnection.php(607): CodeIgniter\Database\BaseConnection->simpleQuery('
        SELECT a.ID, a.TITULO, a.NOME, a.DESCRICAO, a.PLANO, a.EMAIL, a.TELEFONES, a.ARQUIVO, a.WHATSAPP, a.FACEBOOK, a.INSTAGRAM, a.CATEGORIA_ID, b.TITULO AS CATEGORIA
          FROM CLASSIFICADOS a
          JOIN categorias b ON b.id = a.CATEGORIA_ID AND b.ativo = 1
         WHERE a.DISPONIVEL = 1 
         ID = 10
        ')
 3 APPPATH\Controllers\Classificados.php(55): CodeIgniter\Database\BaseConnection->query('
        SELECT a.ID, a.TITULO, a.NOME, a.DESCRICAO, a.PLANO, a.EMAIL, a.TELEFONES, a.ARQUIVO, a.WHATSAPP, a.FACEBOOK, a.INSTAGRAM, a.CATEGORIA_ID, b.TITULO AS CATEGORIA
          FROM CLASSIFICADOS a
          JOIN categorias b ON b.id = a.CATEGORIA_ID AND b.ativo = 1
         WHERE a.DISPONIVEL = 1 
         ID = 10
        ')
 4 SYSTEMPATH\CodeIgniter.php(943): App\Controllers\Classificados->ver('10')
 5 SYSTEMPATH\CodeIgniter.php(503): CodeIgniter\CodeIgniter->runController(Object(App\Controllers\Classificados))
 6 SYSTEMPATH\CodeIgniter.php(361): CodeIgniter\CodeIgniter->handleRequest(null, Object(Config\Cache), false)
 7 FCPATH\index.php(79): CodeIgniter\CodeIgniter->run()
CRITICAL - 2025-03-21 08:33:13 --> [Caused by] mysqli_sql_exception: You have an error in your SQL syntax; check the manual that corresponds to your MySQL server version for the right syntax to use near 'ID = 10' at line 5
in SYSTEMPATH\Database\MySQLi\Connection.php on line 306.
 1 SYSTEMPATH\Database\MySQLi\Connection.php(306): mysqli->query('
        SELECT a.ID, a.TITULO, a.NOME, a.DESCRICAO, a.PLANO, a.EMAIL, a.TELEFONES, a.ARQUIVO, a.WHATSAPP, a.FACEBOOK, a.INSTAGRAM, a.CATEGORIA_ID, b.TITULO AS CATEGORIA
          FROM CLASSIFICADOS a
          JOIN categorias b ON b.id = a.CATEGORIA_ID AND b.ativo = 1
         WHERE a.DISPONIVEL = 1 
         ID = 10
        ', 0)
 2 SYSTEMPATH\Database\BaseConnection.php(693): CodeIgniter\Database\MySQLi\Connection->execute('
        SELECT a.ID, a.TITULO, a.NOME, a.DESCRICAO, a.PLANO, a.EMAIL, a.TELEFONES, a.ARQUIVO, a.WHATSAPP, a.FACEBOOK, a.INSTAGRAM, a.CATEGORIA_ID, b.TITULO AS CATEGORIA
          FROM CLASSIFICADOS a
          JOIN categorias b ON b.id = a.CATEGORIA_ID AND b.ativo = 1
         WHERE a.DISPONIVEL = 1 
         ID = 10
        ')
 3 SYSTEMPATH\Database\BaseConnection.php(607): CodeIgniter\Database\BaseConnection->simpleQuery('
        SELECT a.ID, a.TITULO, a.NOME, a.DESCRICAO, a.PLANO, a.EMAIL, a.TELEFONES, a.ARQUIVO, a.WHATSAPP, a.FACEBOOK, a.INSTAGRAM, a.CATEGORIA_ID, b.TITULO AS CATEGORIA
          FROM CLASSIFICADOS a
          JOIN categorias b ON b.id = a.CATEGORIA_ID AND b.ativo = 1
         WHERE a.DISPONIVEL = 1 
         ID = 10
        ')
 4 APPPATH\Controllers\Classificados.php(55): CodeIgniter\Database\BaseConnection->query('
        SELECT a.ID, a.TITULO, a.NOME, a.DESCRICAO, a.PLANO, a.EMAIL, a.TELEFONES, a.ARQUIVO, a.WHATSAPP, a.FACEBOOK, a.INSTAGRAM, a.CATEGORIA_ID, b.TITULO AS CATEGORIA
          FROM CLASSIFICADOS a
          JOIN categorias b ON b.id = a.CATEGORIA_ID AND b.ativo = 1
         WHERE a.DISPONIVEL = 1 
         ID = 10
        ')
 5 SYSTEMPATH\CodeIgniter.php(943): App\Controllers\Classificados->ver('10')
 6 SYSTEMPATH\CodeIgniter.php(503): CodeIgniter\CodeIgniter->runController(Object(App\Controllers\Classificados))
 7 SYSTEMPATH\CodeIgniter.php(361): CodeIgniter\CodeIgniter->handleRequest(null, Object(Config\Cache), false)
 8 FCPATH\index.php(79): CodeIgniter\CodeIgniter->run()
ERROR - 2025-03-21 08:33:34 --> mysqli_sql_exception: Column 'ID' in where clause is ambiguous in D:\Dev\Git\allenati-sbnoticias\system\Database\MySQLi\Connection.php:306
Stack trace:
#0 D:\Dev\Git\allenati-sbnoticias\system\Database\MySQLi\Connection.php(306): mysqli->query('\n        SELECT...', 0)
#1 D:\Dev\Git\allenati-sbnoticias\system\Database\BaseConnection.php(693): CodeIgniter\Database\MySQLi\Connection->execute('\n        SELECT...')
#2 D:\Dev\Git\allenati-sbnoticias\system\Database\BaseConnection.php(607): CodeIgniter\Database\BaseConnection->simpleQuery('\n        SELECT...')
#3 D:\Dev\Git\allenati-sbnoticias\app\Controllers\Classificados.php(55): CodeIgniter\Database\BaseConnection->query('\n        SELECT...')
#4 D:\Dev\Git\allenati-sbnoticias\system\CodeIgniter.php(943): App\Controllers\Classificados->ver('10')
#5 D:\Dev\Git\allenati-sbnoticias\system\CodeIgniter.php(503): CodeIgniter\CodeIgniter->runController(Object(App\Controllers\Classificados))
#6 D:\Dev\Git\allenati-sbnoticias\system\CodeIgniter.php(361): CodeIgniter\CodeIgniter->handleRequest(NULL, Object(Config\Cache), false)
#7 D:\Dev\Git\allenati-sbnoticias\index.php(79): CodeIgniter\CodeIgniter->run()
#8 {main}
CRITICAL - 2025-03-21 08:33:34 --> CodeIgniter\Database\Exceptions\DatabaseException: Column 'ID' in where clause is ambiguous
in SYSTEMPATH\Database\BaseConnection.php on line 647.
 1 APPPATH\Controllers\Classificados.php(55): CodeIgniter\Database\BaseConnection->query('
        SELECT a.ID, a.TITULO, a.NOME, a.DESCRICAO, a.PLANO, a.EMAIL, a.TELEFONES, a.ARQUIVO, a.WHATSAPP, a.FACEBOOK, a.INSTAGRAM, a.CATEGORIA_ID, b.TITULO AS CATEGORIA
          FROM CLASSIFICADOS a
          JOIN categorias b ON b.id = a.CATEGORIA_ID AND b.ativo = 1
         WHERE a.DISPONIVEL = 1 
         AND ID = 10
        ')
 2 SYSTEMPATH\CodeIgniter.php(943): App\Controllers\Classificados->ver('10')
 3 SYSTEMPATH\CodeIgniter.php(503): CodeIgniter\CodeIgniter->runController(Object(App\Controllers\Classificados))
 4 SYSTEMPATH\CodeIgniter.php(361): CodeIgniter\CodeIgniter->handleRequest(null, Object(Config\Cache), false)
 5 FCPATH\index.php(79): CodeIgniter\CodeIgniter->run()
CRITICAL - 2025-03-21 08:33:34 --> [Caused by] CodeIgniter\Database\Exceptions\DatabaseException: Column 'ID' in where clause is ambiguous
in SYSTEMPATH\Database\MySQLi\Connection.php on line 311.
 1 SYSTEMPATH\Database\BaseConnection.php(693): CodeIgniter\Database\MySQLi\Connection->execute('
        SELECT a.ID, a.TITULO, a.NOME, a.DESCRICAO, a.PLANO, a.EMAIL, a.TELEFONES, a.ARQUIVO, a.WHATSAPP, a.FACEBOOK, a.INSTAGRAM, a.CATEGORIA_ID, b.TITULO AS CATEGORIA
          FROM CLASSIFICADOS a
          JOIN categorias b ON b.id = a.CATEGORIA_ID AND b.ativo = 1
         WHERE a.DISPONIVEL = 1 
         AND ID = 10
        ')
 2 SYSTEMPATH\Database\BaseConnection.php(607): CodeIgniter\Database\BaseConnection->simpleQuery('
        SELECT a.ID, a.TITULO, a.NOME, a.DESCRICAO, a.PLANO, a.EMAIL, a.TELEFONES, a.ARQUIVO, a.WHATSAPP, a.FACEBOOK, a.INSTAGRAM, a.CATEGORIA_ID, b.TITULO AS CATEGORIA
          FROM CLASSIFICADOS a
          JOIN categorias b ON b.id = a.CATEGORIA_ID AND b.ativo = 1
         WHERE a.DISPONIVEL = 1 
         AND ID = 10
        ')
 3 APPPATH\Controllers\Classificados.php(55): CodeIgniter\Database\BaseConnection->query('
        SELECT a.ID, a.TITULO, a.NOME, a.DESCRICAO, a.PLANO, a.EMAIL, a.TELEFONES, a.ARQUIVO, a.WHATSAPP, a.FACEBOOK, a.INSTAGRAM, a.CATEGORIA_ID, b.TITULO AS CATEGORIA
          FROM CLASSIFICADOS a
          JOIN categorias b ON b.id = a.CATEGORIA_ID AND b.ativo = 1
         WHERE a.DISPONIVEL = 1 
         AND ID = 10
        ')
 4 SYSTEMPATH\CodeIgniter.php(943): App\Controllers\Classificados->ver('10')
 5 SYSTEMPATH\CodeIgniter.php(503): CodeIgniter\CodeIgniter->runController(Object(App\Controllers\Classificados))
 6 SYSTEMPATH\CodeIgniter.php(361): CodeIgniter\CodeIgniter->handleRequest(null, Object(Config\Cache), false)
 7 FCPATH\index.php(79): CodeIgniter\CodeIgniter->run()
CRITICAL - 2025-03-21 08:33:34 --> [Caused by] mysqli_sql_exception: Column 'ID' in where clause is ambiguous
in SYSTEMPATH\Database\MySQLi\Connection.php on line 306.
 1 SYSTEMPATH\Database\MySQLi\Connection.php(306): mysqli->query('
        SELECT a.ID, a.TITULO, a.NOME, a.DESCRICAO, a.PLANO, a.EMAIL, a.TELEFONES, a.ARQUIVO, a.WHATSAPP, a.FACEBOOK, a.INSTAGRAM, a.CATEGORIA_ID, b.TITULO AS CATEGORIA
          FROM CLASSIFICADOS a
          JOIN categorias b ON b.id = a.CATEGORIA_ID AND b.ativo = 1
         WHERE a.DISPONIVEL = 1 
         AND ID = 10
        ', 0)
 2 SYSTEMPATH\Database\BaseConnection.php(693): CodeIgniter\Database\MySQLi\Connection->execute('
        SELECT a.ID, a.TITULO, a.NOME, a.DESCRICAO, a.PLANO, a.EMAIL, a.TELEFONES, a.ARQUIVO, a.WHATSAPP, a.FACEBOOK, a.INSTAGRAM, a.CATEGORIA_ID, b.TITULO AS CATEGORIA
          FROM CLASSIFICADOS a
          JOIN categorias b ON b.id = a.CATEGORIA_ID AND b.ativo = 1
         WHERE a.DISPONIVEL = 1 
         AND ID = 10
        ')
 3 SYSTEMPATH\Database\BaseConnection.php(607): CodeIgniter\Database\BaseConnection->simpleQuery('
        SELECT a.ID, a.TITULO, a.NOME, a.DESCRICAO, a.PLANO, a.EMAIL, a.TELEFONES, a.ARQUIVO, a.WHATSAPP, a.FACEBOOK, a.INSTAGRAM, a.CATEGORIA_ID, b.TITULO AS CATEGORIA
          FROM CLASSIFICADOS a
          JOIN categorias b ON b.id = a.CATEGORIA_ID AND b.ativo = 1
         WHERE a.DISPONIVEL = 1 
         AND ID = 10
        ')
 4 APPPATH\Controllers\Classificados.php(55): CodeIgniter\Database\BaseConnection->query('
        SELECT a.ID, a.TITULO, a.NOME, a.DESCRICAO, a.PLANO, a.EMAIL, a.TELEFONES, a.ARQUIVO, a.WHATSAPP, a.FACEBOOK, a.INSTAGRAM, a.CATEGORIA_ID, b.TITULO AS CATEGORIA
          FROM CLASSIFICADOS a
          JOIN categorias b ON b.id = a.CATEGORIA_ID AND b.ativo = 1
         WHERE a.DISPONIVEL = 1 
         AND ID = 10
        ')
 5 SYSTEMPATH\CodeIgniter.php(943): App\Controllers\Classificados->ver('10')
 6 SYSTEMPATH\CodeIgniter.php(503): CodeIgniter\CodeIgniter->runController(Object(App\Controllers\Classificados))
 7 SYSTEMPATH\CodeIgniter.php(361): CodeIgniter\CodeIgniter->handleRequest(null, Object(Config\Cache), false)
 8 FCPATH\index.php(79): CodeIgniter\CodeIgniter->run()
CRITICAL - 2025-03-21 08:35:17 --> ErrorException: Attempt to read property "PLANO" on string
in APPPATH\Views\classificados.php on line 30.
 1 APPPATH\Views\classificados.php(30): CodeIgniter\Debug\Exceptions->errorHandler(2, 'Attempt to read property "PLANO" on string', 'D:\\Dev\\Git\\allenati-sbnoticias\\app\\Views\\classificados.php', 30)
 2 SYSTEMPATH\View\View.php(228): include('D:\\Dev\\Git\\allenati-sbnoticias\\app\\Views\\classificados.php')
 3 SYSTEMPATH\View\View.php(231): CodeIgniter\View\View->CodeIgniter\View\{closure}()
 4 SYSTEMPATH\Common.php(1178): CodeIgniter\View\View->render('classificados', [], true)
 5 APPPATH\Controllers\Classificados.php(69): view('classificados', [...])
 6 SYSTEMPATH\CodeIgniter.php(943): App\Controllers\Classificados->ver('109')
 7 SYSTEMPATH\CodeIgniter.php(503): CodeIgniter\CodeIgniter->runController(Object(App\Controllers\Classificados))
 8 SYSTEMPATH\CodeIgniter.php(361): CodeIgniter\CodeIgniter->handleRequest(null, Object(Config\Cache), false)
 9 FCPATH\index.php(79): CodeIgniter\CodeIgniter->run()
